<?xml version="1.0" encoding="UTF-8"?>
<!-- Generated by org.testng.reporters.JUnitXMLReporter -->
<testsuite ignored="0" hostname="Users-MacBook-Pro.local" failures="0" tests="4" name="/Users/cb-vinayak/work/selenium/src/test/java/GoogleSearch.java" time="18.214" errors="0" timestamp="2021-03-27T16:08:23 IST">
  <testcase classname="GoogleSearch" name="verifyHomeSearchPage" time="2.999"/>
  <testcase classname="GoogleSearch" name="verifySearchingContent" time="4.286"/>
  <testcase classname="GoogleSearch" name="verifyPaginationCheck" time="5.453"/>
  <testcase classname="GoogleSearch" name="verifyLanguageChange" time="5.431"/>
</testsuite> <!-- /Users/cb-vinayak/work/selenium/src/test/java/GoogleSearch.java -->
